Arguments: 
  C:\Program Files\nodejs\node.exe C:\Users\bce22025\AppData\Roaming\npm\node_modules\yarn\bin\yarn.js add nodemon

PATH: 
  C:\Users\bce22025\bin;C:\Users\bce22025\AppData\Local\Programs\Git\mingw64\bin;C:\Users\bce22025\AppData\Local\Programs\Git\usr\local\bin;C:\Users\bce22025\AppData\Local\Programs\Git\usr\bin;C:\Users\bce22025\AppData\Local\Programs\Git\usr\bin;C:\Users\bce22025\AppData\Local\Programs\Git\mingw64\bin;C:\Users\bce22025\AppData\Local\Programs\Git\usr\bin;C:\Users\bce22025\bin;C:\Windows\system32;C:\Windows;C:\Windows\System32\Wbem;C:\Windows\System32\WindowsPowerShell\v1.0;C:\Windows\System32\OpenSSH;C:\Program Files\Amazon\AWSCLIV2;C:\Users\bce22025\AppData\Roaming\nvm;C:\Program Files\nodejs;C:\Program Files\nodejs;C:\xampp\php;C:\ProgramData\ComposerSetup\bin;C:\Program Files\MySQL\MySQL Shell 8.0\bin;C:\Users\bce22025\AppData\Local\Microsoft\WindowsApps;C:\Users\bce22025\AppData\Local\Programs\Microsoft VS Code\bin;C:\Users\bce22025\AppData\Local\Programs\Git\cmd;C:\Users\bce22025\AppData\Roaming\nvm;C:\Program Files\nodejs;C:\Users\bce22025\AppData\Roaming\npm;C:\Users\bce22025\AppData\Roaming\Composer\vendor\bin;C:\Users\bce22025\AppData\Local\Programs\Git\usr\bin\vendor_perl;C:\Users\bce22025\AppData\Local\Programs\Git\usr\bin\core_perl

Yarn version: 
  1.22.18

Node version: 
  14.17.3

Platform: 
  win32 x64

Trace: 
  Error: https://kabahagi-922648072964.d.codeartifact.ap-southeast-1.amazonaws.com/npm/core/nodemon: Unauthenticated: request used expired credentials. Please renew your credentials.
      at Request.params.callback [as _callback] (C:\Users\bce22025\AppData\Roaming\npm\node_modules\yarn\lib\cli.js:66138:18)
      at Request.self.callback (C:\Users\bce22025\AppData\Roaming\npm\node_modules\yarn\lib\cli.js:140883:22)
      at Request.emit (events.js:375:28)
      at Request.<anonymous> (C:\Users\bce22025\AppData\Roaming\npm\node_modules\yarn\lib\cli.js:141855:10)
      at Request.emit (events.js:375:28)
      at Gunzip.<anonymous> (C:\Users\bce22025\AppData\Roaming\npm\node_modules\yarn\lib\cli.js:141777:12)
      at Object.onceWrapper (events.js:481:28)
      at Gunzip.emit (events.js:375:28)
      at endReadableNT (internal/streams/readable.js:1317:12)
      at processTicksAndRejections (internal/process/task_queues.js:82:21)

npm manifest: 
  {
    "name": "pupper-script",
    "version": "1.0.0",
    "description": "pupper clickable button",
    "main": "index.js",
    "scripts": {
      "test": "echo \"Error: no test specified\" && exit 1"
    },
    "author": "cedric legarda",
    "license": "ISC"
  }

yarn manifest: 
  No manifest

Lockfile: 
  # THIS IS AN AUTOGENERATED FILE. DO NOT EDIT THIS FILE DIRECTLY.
  # yarn lockfile v1
